<?xml version="1.0" encoding="UTF-8"?>
<testsuite xmlns:xsi="http://www.w3.org/2001/XMLSchema-instance" xsi:noNamespaceSchemaLocation="https://maven.apache.org/surefire/maven-surefire-plugin/xsd/surefire-test-report-3.0.xsd" version="3.0" name="com.mt.sample.test.HelloWorldTest" time="0.049" tests="1" errors="0" skipped="0" failures="0">
  <properties>
    <property name="awt.toolkit" value="sun.awt.X11.XToolkit"/>
    <property name="file.encoding.pkg" value="sun.io"/>
    <property name="java.specification.version" value="1.8"/>
    <property name="sun.cpu.isalist" value=""/>
    <property name="sun.jnu.encoding" value="UTF-8"/>
    <property name="java.class.path" value="/home/ec2-user/maven-standalone-application/target/test-classes:/home/ec2-user/maven-standalone-application/target/classes:/home/ec2-user/.m2/repository/junit/junit/3.8.1/junit-3.8.1.jar:"/>
    <property name="java.vm.vendor" value="Oracle Corporation"/>
    <property name="sun.arch.data.model" value="64"/>
    <property name="java.vendor.url" value="http://java.oracle.com/"/>
    <property name="user.timezone" value=""/>
    <property name="java.vm.specification.version" value="1.8"/>
    <property name="os.name" value="Linux"/>
    <property name="sun.java.launcher" value="SUN_STANDARD"/>
    <property name="sun.boot.library.path" value="/usr/java/jdk1.8.0_131/jre/lib/amd64"/>
    <property name="sun.java.command" value="/home/ec2-user/maven-standalone-application/target/surefire/surefirebooter-20230423063345941_3.jar /home/ec2-user/maven-standalone-application/target/surefire 2023-04-23T06-33-45_606-jvmRun1 surefire-20230423063345941_1tmp surefire_0-20230423063345941_2tmp"/>
    <property name="surefire.test.class.path" value="/home/ec2-user/maven-standalone-application/target/test-classes:/home/ec2-user/maven-standalone-application/target/classes:/home/ec2-user/.m2/repository/junit/junit/3.8.1/junit-3.8.1.jar:"/>
    <property name="sun.cpu.endian" value="little"/>
    <property name="user.home" value="/home/ec2-user"/>
    <property name="user.language" value="en"/>
    <property name="java.specification.vendor" value="Oracle Corporation"/>
    <property name="java.home" value="/usr/java/jdk1.8.0_131/jre"/>
    <property name="basedir" value="/home/ec2-user/maven-standalone-application"/>
    <property name="file.separator" value="/"/>
    <property name="line.separator" value="&#10;"/>
    <property name="java.vm.specification.vendor" value="Oracle Corporation"/>
    <property name="java.specification.name" value="Java Platform API Specification"/>
    <property name="java.awt.graphicsenv" value="sun.awt.X11GraphicsEnvironment"/>
    <property name="surefire.real.class.path" value="/home/ec2-user/maven-standalone-application/target/surefire/surefirebooter-20230423063345941_3.jar"/>
    <property name="sun.boot.class.path" value="/usr/java/jdk1.8.0_131/jre/lib/resources.jar:/usr/java/jdk1.8.0_131/jre/lib/rt.jar:/usr/java/jdk1.8.0_131/jre/lib/sunrsasign.jar:/usr/java/jdk1.8.0_131/jre/lib/jsse.jar:/usr/java/jdk1.8.0_131/jre/lib/jce.jar:/usr/java/jdk1.8.0_131/jre/lib/charsets.jar:/usr/java/jdk1.8.0_131/jre/lib/jfr.jar:/usr/java/jdk1.8.0_131/jre/classes"/>
    <property name="sun.management.compiler" value="HotSpot 64-Bit Tiered Compilers"/>
    <property name="java.runtime.version" value="1.8.0_131-b11"/>
    <property name="user.name" value="ec2-user"/>
    <property name="path.separator" value=":"/>
    <property name="os.version" value="6.1.23-36.46.amzn2023.x86_64"/>
    <property name="java.endorsed.dirs" value="/usr/java/jdk1.8.0_131/jre/lib/endorsed"/>
    <property name="java.runtime.name" value="Java(TM) SE Runtime Environment"/>
    <property name="file.encoding" value="UTF-8"/>
    <property name="java.vm.name" value="Java HotSpot(TM) 64-Bit Server VM"/>
    <property name="localRepository" value="/home/ec2-user/.m2/repository"/>
    <property name="java.vendor.url.bug" value="http://bugreport.sun.com/bugreport/"/>
    <property name="java.io.tmpdir" value="/tmp"/>
    <property name="java.version" value="1.8.0_131"/>
    <property name="user.dir" value="/home/ec2-user/maven-standalone-application"/>
    <property name="os.arch" value="amd64"/>
    <property name="java.vm.specification.name" value="Java Virtual Machine Specification"/>
    <property name="java.awt.printerjob" value="sun.print.PSPrinterJob"/>
    <property name="sun.os.patch.level" value="unknown"/>
    <property name="java.library.path" value="/usr/java/packages/lib/amd64:/usr/lib64:/lib64:/lib:/usr/lib"/>
    <property name="java.vm.info" value="mixed mode"/>
    <property name="java.vendor" value="Oracle Corporation"/>
    <property name="java.vm.version" value="25.131-b11"/>
    <property name="java.ext.dirs" value="/usr/java/jdk1.8.0_131/jre/lib/ext:/usr/java/packages/lib/ext"/>
    <property name="sun.io.unicode.encoding" value="UnicodeLittle"/>
    <property name="java.class.version" value="52.0"/>
  </properties>
  <testcase name="testApp" classname="com.mt.sample.test.HelloWorldTest" time="0.007"/>
</testsuite>